<?xml version="1.0" encoding="UTF-8"?>
<!-- Generated by org.testng.reporters.JUnitReportReporter -->
<testsuite hostname="PREDATOR" failures="0" tests="1" name="expandTestingSeleniumPractice.R_SlowResourcesPage" time="15.674" errors="0" timestamp="2025-08-01T23:16:20 IST" skipped="0">
  <testcase classname="expandTestingSeleniumPractice.R_SlowResourcesPage" name="snipperTimer" time="15.674"/>
  <system-out/>
</testsuite> <!-- expandTestingSeleniumPractice.R_SlowResourcesPage -->
