<?xml version="1.0" encoding="UTF-8"?>
<!-- Generated by org.testng.reporters.JUnitReportReporter -->
<testsuite hostname="PREDATOR" failures="0" tests="1" name="expandTestingSeleniumPractice.Q_Typos" time="16.709" errors="0" timestamp="2025-03-26T23:07:36 IST" skipped="0">
  <testcase classname="expandTestingSeleniumPractice.Q_Typos" name="FindTypo" time="16.709"/>
  <system-out/>
</testsuite> <!-- expandTestingSeleniumPractice.Q_Typos -->
