<?xml version="1.0" encoding="UTF-8"?>
<!-- Generated by org.testng.reporters.JUnitReportReporter -->
<testsuite hostname="PREDATOR" failures="0" tests="2" name="seleniumPractice.N_SecureFileDownloadAlertHandling" time="15.950" errors="0" timestamp="2025-03-24T23:06:11 IST" skipped="0">
  <testcase classname="seleniumPractice.N_SecureFileDownloadAlertHandling" name="AletPopupHandling" time="9.130"/>
  <system-out/>
  <testcase classname="seleniumPractice.N_SecureFileDownloadAlertHandling" name="ParameterisedURL" time="6.820"/>
  <system-out/>
</testsuite> <!-- seleniumPractice.N_SecureFileDownloadAlertHandling -->
