<?xml version="1.0" encoding="UTF-8"?>
<!-- Generated by org.testng.reporters.JUnitReportReporter -->
<testsuite hostname="PREDATOR" failures="0" tests="1" name="expandTestingSeleniumPractice.E_DynamicPaginatedTable" time="7.770" errors="0" timestamp="2025-08-01T23:16:20 IST" skipped="0">
  <testcase classname="expandTestingSeleniumPractice.E_DynamicPaginatedTable" name="TestingTableShorting" time="7.770"/>
  <system-out/>
</testsuite> <!-- expandTestingSeleniumPractice.E_DynamicPaginatedTable -->
