<?xml version="1.0" encoding="UTF-8"?>
<!-- Generated by org.testng.reporters.JUnitReportReporter -->
<testsuite hostname="PREDATOR" failures="0" tests="1" name="jQuerySeleniumPractice.Interactions_Resizable" time="6.579" errors="0" timestamp="2025-04-05T19:44:04 IST" skipped="0">
  <testcase classname="jQuerySeleniumPractice.Interactions_Resizable" name="Resizable" time="6.579"/>
  <system-out/>
</testsuite> <!-- jQuerySeleniumPractice.Interactions_Resizable -->
