<?xml version="1.0" encoding="UTF-8"?>
<!-- Generated by org.testng.reporters.JUnitReportReporter -->
<testsuite hostname="PREDATOR" failures="0" tests="2" name="testDataSetupTestNG.TestNGDataProviderHashMap" time="0.004" errors="0" timestamp="2025-03-21T00:39:02 IST" skipped="0">
  <testcase classname="testDataSetupTestNG.TestNGDataProviderHashMap" name="ReadTestData" time="0.002"/>
  <system-out/>
  <testcase classname="testDataSetupTestNG.TestNGDataProviderHashMap" name="ReadTestData" time="0.002"/>
  <system-out/>
</testsuite> <!-- testDataSetupTestNG.TestNGDataProviderHashMap -->
