<?xml version="1.0" encoding="UTF-8"?>
<!-- Generated by org.testng.reporters.JUnitReportReporter -->
<testsuite hostname="PREDATOR" failures="0" tests="1" name="seleniumPractice.AddToCartFunctionalLogic" time="16.044" errors="0" timestamp="2025-03-14T08:11:42 IST" skipped="0">
  <testcase classname="seleniumPractice.AddToCartFunctionalLogic" name="AddItemToCartAdvanceLogic" time="16.044"/>
  <system-out/>
</testsuite> <!-- seleniumPractice.AddToCartFunctionalLogic -->
