<?xml version="1.0" encoding="UTF-8"?>
<!-- Generated by org.testng.reporters.JUnitReportReporter -->
<testsuite hostname="PREDATOR" failures="0" tests="1" name="expandTestingSeleniumPractice.K_FormValidation" time="12.068" errors="0" timestamp="2025-04-05T22:42:44 IST" skipped="0">
  <testcase classname="expandTestingSeleniumPractice.K_FormValidation" name="FormFill" time="12.068"/>
  <system-out/>
</testsuite> <!-- expandTestingSeleniumPractice.K_FormValidation -->
