<?xml version="1.0" encoding="UTF-8"?>
<!-- Generated by org.testng.reporters.JUnitReportReporter -->
<testsuite hostname="PREDATOR" failures="0" tests="2" name="expandTestingSeleniumPractice.H_RadioButtons" time="13.597" errors="0" timestamp="2025-08-01T23:16:20 IST" skipped="0">
  <testcase classname="expandTestingSeleniumPractice.H_RadioButtons" name="DefaultValue" time="6.346"/>
  <system-out/>
  <testcase classname="expandTestingSeleniumPractice.H_RadioButtons" name="FavSportColour" time="7.251"/>
  <system-out/>
</testsuite> <!-- expandTestingSeleniumPractice.H_RadioButtons -->
