<?xml version="1.0" encoding="UTF-8"?>
<!-- Generated by org.testng.reporters.JUnitReportReporter -->
<testsuite hostname="PREDATOR" failures="0" tests="1" name="jQuerySeleniumPractice.Interactions_Droppable" time="6.867" errors="0" timestamp="2025-04-05T19:31:37 IST" skipped="0">
  <testcase classname="jQuerySeleniumPractice.Interactions_Droppable" name="Droppable" time="6.867"/>
  <system-out/>
</testsuite> <!-- jQuerySeleniumPractice.Interactions_Droppable -->
