<?xml version="1.0" encoding="UTF-8"?>
<!-- Generated by org.testng.reporters.JUnitReportReporter -->
<testsuite hostname="PREDATOR" failures="0" tests="2" name="expandTestingSeleniumPractice.N_SecureFileDownloadAlertHandling" time="10.786" errors="0" timestamp="2025-08-01T23:16:20 IST" skipped="0">
  <testcase classname="expandTestingSeleniumPractice.N_SecureFileDownloadAlertHandling" name="AletPopupHandling" time="6.512"/>
  <system-out/>
  <testcase classname="expandTestingSeleniumPractice.N_SecureFileDownloadAlertHandling" name="ParameterisedURL" time="4.274"/>
  <system-out/>
</testsuite> <!-- expandTestingSeleniumPractice.N_SecureFileDownloadAlertHandling -->
