<?xml version="1.0" encoding="UTF-8"?>
<!-- Generated by org.testng.reporters.JUnitReportReporter -->
<testsuite hostname="PREDATOR" failures="0" tests="1" name="seleniumPractice.A_WebInputPractice" time="12.624" errors="0" timestamp="2025-03-24T23:06:11 IST" skipped="0">
  <testcase classname="seleniumPractice.A_WebInputPractice" name="provideData" time="12.624"/>
  <system-out/>
</testsuite> <!-- seleniumPractice.A_WebInputPractice -->
