<?xml version="1.0" encoding="UTF-8"?>
<!-- Generated by org.testng.reporters.JUnitReportReporter -->
<testsuite hostname="PREDATOR" failures="0" tests="2" name="expandTestingSeleniumPractice.L_FileUpload" time="12.794" errors="0" timestamp="2025-08-01T23:16:20 IST" skipped="1">
  <testcase classname="expandTestingSeleniumPractice.L_FileUpload" name="UploadWithSendKey" time="12.794"/>
  <system-out/>
  <testcase classname="expandTestingSeleniumPractice.L_FileUpload" name="UploadWithRobotClass">
    <skipped/>
  </testcase> <!-- UploadWithRobotClass -->
  <system-out/>
</testsuite> <!-- expandTestingSeleniumPractice.L_FileUpload -->
