<?xml version="1.0" encoding="UTF-8"?>
<!-- Generated by org.testng.reporters.JUnitReportReporter -->
<testsuite hostname="PREDATOR" failures="0" tests="1" name="advanceSelenium.BrokenLinkCheck" time="23.068" errors="0" timestamp="2025-07-25T21:42:04 IST" skipped="0">
  <testcase classname="advanceSelenium.BrokenLinkCheck" name="AmazonBrokenLinkTest" time="23.068"/>
  <system-out/>
</testsuite> <!-- advanceSelenium.BrokenLinkCheck -->
