<?xml version="1.0" encoding="UTF-8"?>
<!-- Generated by org.testng.reporters.JUnitReportReporter -->
<testsuite hostname="PREDATOR" failures="0" tests="1" name="expandTestingSeleniumPractice.B_LoginPage" time="11.784" errors="0" timestamp="2025-04-05T22:42:44 IST" skipped="0">
  <testcase classname="expandTestingSeleniumPractice.B_LoginPage" name="UserLogin" time="11.784"/>
  <system-out/>
</testsuite> <!-- expandTestingSeleniumPractice.B_LoginPage -->
