<?xml version="1.0" encoding="UTF-8"?>
<!-- Generated by org.testng.reporters.JUnitReportReporter -->
<testsuite hostname="PREDATOR" failures="0" tests="3" name="expandTestingSeleniumPractice.S_JavaScriptDialogs" time="30.271" errors="0" timestamp="2025-03-27T22:09:50 IST" skipped="0">
  <testcase classname="expandTestingSeleniumPractice.S_JavaScriptDialogs" name="JsAlert" time="11.110"/>
  <system-out/>
  <testcase classname="expandTestingSeleniumPractice.S_JavaScriptDialogs" name="JsConfirm" time="9.502"/>
  <system-out/>
  <testcase classname="expandTestingSeleniumPractice.S_JavaScriptDialogs" name="JsPrompt" time="9.659"/>
  <system-out/>
</testsuite> <!-- expandTestingSeleniumPractice.S_JavaScriptDialogs -->
