<?xml version="1.0" encoding="UTF-8"?>
<!-- Generated by org.testng.reporters.JUnitReportReporter -->
<testsuite hostname="PREDATOR" failures="0" tests="1" name="seleniumPractice.L_FileUpload" time="11.390" errors="0" timestamp="2025-03-24T23:06:11 IST" skipped="0">
  <testcase classname="seleniumPractice.L_FileUpload" name="UploadWithSendKey" time="11.390"/>
  <system-out/>
</testsuite> <!-- seleniumPractice.L_FileUpload -->
