<?xml version="1.0" encoding="UTF-8"?>
<!-- Generated by org.testng.reporters.JUnitReportReporter -->
<testsuite hostname="PREDATOR" failures="0" tests="1" name="seleniumPractice.B_LoginPage" time="11.237" errors="0" timestamp="2025-03-24T23:06:11 IST" skipped="0">
  <testcase classname="seleniumPractice.B_LoginPage" name="UserLogin" time="11.237"/>
  <system-out/>
</testsuite> <!-- seleniumPractice.B_LoginPage -->
