<?xml version="1.0" encoding="UTF-8"?>
<!-- Generated by org.testng.reporters.JUnitReportReporter -->
<testsuite hostname="PREDATOR" failures="0" tests="3" name="testDataSetupTestNG.TestNGDataProviderJSON" time="0.002" errors="0" timestamp="2025-03-21T00:39:02 IST" skipped="0">
  <testcase classname="testDataSetupTestNG.TestNGDataProviderJSON" name="PrintJSONData" time="0.001"/>
  <system-out/>
  <testcase classname="testDataSetupTestNG.TestNGDataProviderJSON" name="PrintJSONData" time="0.001"/>
  <system-out/>
  <testcase classname="testDataSetupTestNG.TestNGDataProviderJSON" name="PrintJSONData" time="0.000"/>
  <system-out/>
</testsuite> <!-- testDataSetupTestNG.TestNGDataProviderJSON -->
