<?xml version="1.0" encoding="UTF-8"?>
<!-- Generated by org.testng.reporters.JUnitReportReporter -->
<testsuite hostname="PREDATOR" failures="0" tests="1" name="expandTestingSeleniumPractice.O_NotificationMessage" time="18.850" errors="0" timestamp="2025-04-05T22:42:44 IST" skipped="0">
  <testcase classname="expandTestingSeleniumPractice.O_NotificationMessage" name="HandlingNotificationMessage" time="18.850"/>
  <system-out/>
</testsuite> <!-- expandTestingSeleniumPractice.O_NotificationMessage -->
