<?xml version="1.0" encoding="UTF-8"?>
<!-- Generated by org.testng.reporters.JUnitReportReporter -->
<testsuite hostname="PREDATOR" failures="0" tests="1" name="expandTestingSeleniumPractice.U_ContextMenus" time="9.820" errors="0" timestamp="2025-04-05T22:42:44 IST" skipped="0">
  <testcase classname="expandTestingSeleniumPractice.U_ContextMenus" name="ContextClick" time="9.820"/>
  <system-out/>
</testsuite> <!-- expandTestingSeleniumPractice.U_ContextMenus -->
