<?xml version="1.0" encoding="UTF-8"?>
<!-- Generated by org.testng.reporters.JUnitReportReporter -->
<testsuite hostname="PREDATOR" failures="0" tests="1" name="expandTestingSeleniumPractice.V_KeyPresses" time="10.657" errors="0" timestamp="2025-03-29T17:59:00 IST" skipped="0">
  <testcase classname="expandTestingSeleniumPractice.V_KeyPresses" name="KeyPress" time="10.657"/>
  <system-out/>
</testsuite> <!-- expandTestingSeleniumPractice.V_KeyPresses -->
