<?xml version="1.0" encoding="UTF-8"?>
<!-- Generated by org.testng.reporters.JUnitReportReporter -->
<testsuite hostname="PREDATOR" failures="0" tests="4" name="expandTestingSeleniumPractice.S_JavaScriptDialogs" time="29.532" errors="0" timestamp="2025-08-01T23:16:20 IST" skipped="0">
  <testcase classname="expandTestingSeleniumPractice.S_JavaScriptDialogs" name="SwitchToAlert" time="8.336"/>
  <system-out/>
  <testcase classname="expandTestingSeleniumPractice.S_JavaScriptDialogs" name="JsAlert" time="6.663"/>
  <system-out/>
  <testcase classname="expandTestingSeleniumPractice.S_JavaScriptDialogs" name="JsConfirm" time="6.880"/>
  <system-out/>
  <testcase classname="expandTestingSeleniumPractice.S_JavaScriptDialogs" name="JsPrompt" time="7.653"/>
  <system-out/>
</testsuite> <!-- expandTestingSeleniumPractice.S_JavaScriptDialogs -->
