<?xml version="1.0" encoding="UTF-8"?>
<!-- Generated by org.testng.reporters.JUnitReportReporter -->
<testsuite hostname="PREDATOR" failures="0" tests="1" name="jQuerySeleniumPractice.Interactions_Draggable" time="9.315" errors="0" timestamp="2025-04-05T19:26:21 IST" skipped="0">
  <testcase classname="jQuerySeleniumPractice.Interactions_Draggable" name="DragAround" time="9.315"/>
  <system-out/>
</testsuite> <!-- jQuerySeleniumPractice.Interactions_Draggable -->
