<?xml version="1.0" encoding="UTF-8"?>
<!-- Generated by org.testng.reporters.JUnitReportReporter -->
<testsuite hostname="PREDATOR" failures="0" tests="1" name="prioritySeleniumTopics.DropDowns" time="18.309" errors="0" timestamp="2025-07-23T11:24:50 IST" skipped="0">
  <testcase classname="prioritySeleniumTopics.DropDowns" name="AutoSuggestiveDropDown" time="18.309"/>
  <system-out/>
</testsuite> <!-- prioritySeleniumTopics.DropDowns -->
