<?xml version="1.0" encoding="UTF-8"?>
<!-- Generated by org.testng.reporters.JUnitReportReporter -->
<testsuite hostname="PREDATOR" failures="0" tests="1" name="seleniumPractice.D_DynamicTable" time="12.300" errors="0" timestamp="2025-03-24T23:06:11 IST" skipped="0">
  <testcase classname="seleniumPractice.D_DynamicTable" name="DynamicTableHandle" time="12.300"/>
  <system-out/>
</testsuite> <!-- seleniumPractice.D_DynamicTable -->
