<?xml version="1.0" encoding="UTF-8"?>
<!-- Generated by org.testng.reporters.JUnitReportReporter -->
<testsuite hostname="PREDATOR" failures="0" tests="1" name="advanceSelenium.AddExtensiton" time="7.619" errors="0" timestamp="2025-03-21T00:39:02 IST" skipped="0">
  <testcase classname="advanceSelenium.AddExtensiton" name="AddExtensionInAutomatedBrowser" time="7.619"/>
  <system-out/>
</testsuite> <!-- advanceSelenium.AddExtensiton -->
