<?xml version="1.0" encoding="UTF-8"?>
<!-- Generated by org.testng.reporters.JUnitReportReporter -->
<testsuite hostname="PREDATOR" failures="0" tests="1" name="interview.Task" time="10.995" errors="0" timestamp="2025-08-01T21:31:01 IST" skipped="0">
  <testcase classname="interview.Task" name="geolocation" time="10.995"/>
  <system-out/>
</testsuite> <!-- interview.Task -->
