<?xml version="1.0" encoding="UTF-8"?>
<!-- Generated by org.testng.reporters.JUnitReportReporter -->
<testsuite hostname="PREDATOR" failures="0" tests="2" name="expandTestingSeleniumPractice.M_FileDownload" time="27.642" errors="0" timestamp="2025-08-01T23:16:20 IST" skipped="0">
  <testcase classname="expandTestingSeleniumPractice.M_FileDownload" name="DownloadFileAtCustomLocation" time="19.334"/>
  <system-out/>
  <testcase classname="expandTestingSeleniumPractice.M_FileDownload" name="DownloadFileAtDefaultLocation" time="8.308"/>
  <system-out/>
</testsuite> <!-- expandTestingSeleniumPractice.M_FileDownload -->
