<?xml version="1.0" encoding="UTF-8"?>
<!-- Generated by org.testng.reporters.JUnitReportReporter -->
<testsuite hostname="PREDATOR" failures="0" tests="1" name="expandTestingSeleniumPractice.D_DynamicTable" time="9.458" errors="0" timestamp="2025-04-05T22:42:44 IST" skipped="0">
  <testcase classname="expandTestingSeleniumPractice.D_DynamicTable" name="DynamicTableHandle" time="9.458"/>
  <system-out/>
</testsuite> <!-- expandTestingSeleniumPractice.D_DynamicTable -->
