<?xml version="1.0" encoding="UTF-8"?>
<!-- Generated by org.testng.reporters.JUnitReportReporter -->
<testsuite hostname="PREDATOR" failures="0" tests="1" name="jQuerySeleniumPractice.Interactions_Resizable" time="6.168" errors="0" timestamp="2025-08-01T22:57:45 IST" skipped="0">
  <testcase classname="jQuerySeleniumPractice.Interactions_Resizable" name="Resizable" time="6.168"/>
  <system-out/>
</testsuite> <!-- jQuerySeleniumPractice.Interactions_Resizable -->
