<?xml version="1.0" encoding="UTF-8"?>
<!-- Generated by org.testng.reporters.JUnitReportReporter -->
<testsuite hostname="PREDATOR" failures="0" tests="1" name="expandTestingSeleniumPractice.F_AboutPage" time="15.015" errors="0" timestamp="2025-04-05T22:42:44 IST" skipped="0">
  <testcase classname="expandTestingSeleniumPractice.F_AboutPage" name="SendEmailToDev" time="15.015"/>
  <system-out/>
</testsuite> <!-- expandTestingSeleniumPractice.F_AboutPage -->
