<?xml version="1.0" encoding="UTF-8"?>
<!-- Generated by org.testng.reporters.JUnitReportReporter -->
<testsuite hostname="PREDATOR" failures="0" tests="1" name="expandTestingSeleniumPractice.T_JQueryUiMenus" time="16.632" errors="0" timestamp="2025-04-05T22:42:44 IST" skipped="0">
  <testcase classname="expandTestingSeleniumPractice.T_JQueryUiMenus" name="DownloadExcel" time="16.632"/>
  <system-out/>
</testsuite> <!-- expandTestingSeleniumPractice.T_JQueryUiMenus -->
