<?xml version="1.0" encoding="UTF-8"?>
<!-- Generated by org.testng.reporters.JUnitReportReporter -->
<testsuite hostname="PREDATOR" failures="0" tests="1" name="expandTestingSeleniumPractice.R_SlowResourcesPage" time="15.991" errors="0" timestamp="2025-03-27T21:26:19 IST" skipped="0">
  <testcase classname="expandTestingSeleniumPractice.R_SlowResourcesPage" name="snipperTimer" time="15.991"/>
  <system-out/>
</testsuite> <!-- expandTestingSeleniumPractice.R_SlowResourcesPage -->
