<?xml version="1.0" encoding="UTF-8"?>
<!-- Generated by org.testng.reporters.JUnitReportReporter -->
<testsuite hostname="PREDATOR" failures="0" tests="3" name="testDataSetupTestNG.TestNGDataProviderMultiDimentionalArray" time="0.012" errors="0" timestamp="2025-07-30T23:25:30 IST" skipped="0">
  <testcase classname="testDataSetupTestNG.TestNGDataProviderMultiDimentionalArray" name="ReadTestData" time="0.001"/>
  <system-out/>
  <testcase classname="testDataSetupTestNG.TestNGDataProviderMultiDimentionalArray" name="ReadTestData" time="0.002"/>
  <system-out/>
  <testcase classname="testDataSetupTestNG.TestNGDataProviderMultiDimentionalArray" name="ReadTestData" time="0.009"/>
  <system-out/>
</testsuite> <!-- testDataSetupTestNG.TestNGDataProviderMultiDimentionalArray -->
