<?xml version="1.0" encoding="UTF-8"?>
<!-- Generated by org.testng.reporters.JUnitReportReporter -->
<testsuite hostname="PREDATOR" failures="0" tests="1" name="seleniumPractice.I_DragDrop" time="11.857" errors="0" timestamp="2025-03-24T23:06:11 IST" skipped="0">
  <testcase classname="seleniumPractice.I_DragDrop" name="DragDrop" time="11.857"/>
  <system-out/>
</testsuite> <!-- seleniumPractice.I_DragDrop -->
