<?xml version="1.0" encoding="UTF-8"?>
<!-- Generated by org.testng.reporters.JUnitReportReporter -->
<testsuite hostname="PREDATOR" failures="0" tests="1" name="expandTestingSeleniumPractice.A_WebInputPractice" time="8.077" errors="0" timestamp="2025-08-01T23:16:20 IST" skipped="0">
  <testcase classname="expandTestingSeleniumPractice.A_WebInputPractice" name="provideData" time="8.077"/>
  <system-out/>
</testsuite> <!-- expandTestingSeleniumPractice.A_WebInputPractice -->
