<?xml version="1.0" encoding="UTF-8"?>
<!-- Generated by org.testng.reporters.JUnitReportReporter -->
<testsuite hostname="PREDATOR" failures="0" tests="1" name="expandTestingSeleniumPractice.U_ContextMenus" time="10.891" errors="0" timestamp="2025-03-29T17:30:37 IST" skipped="0">
  <testcase classname="expandTestingSeleniumPractice.U_ContextMenus" name="ContextClick" time="10.891"/>
  <system-out/>
</testsuite> <!-- expandTestingSeleniumPractice.U_ContextMenus -->
