<?xml version="1.0" encoding="UTF-8"?>
<!-- Generated by org.testng.reporters.JUnitReportReporter -->
<testsuite hostname="PREDATOR" failures="0" tests="2" name="seleniumPractice.M_FileDownload" time="29.103" errors="0" timestamp="2025-03-24T23:06:11 IST" skipped="0">
  <testcase classname="seleniumPractice.M_FileDownload" name="DownloadFileAtCustomLocation" time="22.763"/>
  <system-out/>
  <testcase classname="seleniumPractice.M_FileDownload" name="DownloadFileAtDefaultLocation" time="6.340"/>
  <system-out/>
</testsuite> <!-- seleniumPractice.M_FileDownload -->
