<?xml version="1.0" encoding="UTF-8"?>
<!-- Generated by org.testng.reporters.JUnitReportReporter -->
<testsuite hostname="PREDATOR" failures="0" tests="1" name="expandTestingSeleniumPractice.G_BrowserInformation" time="7.178" errors="0" timestamp="2025-08-01T23:16:20 IST" skipped="0">
  <testcase classname="expandTestingSeleniumPractice.G_BrowserInformation" name="GetBrowserDetails" time="7.178"/>
  <system-out/>
</testsuite> <!-- expandTestingSeleniumPractice.G_BrowserInformation -->
