<?xml version="1.0" encoding="UTF-8"?>
<!-- Generated by org.testng.reporters.JUnitReportReporter -->
<testsuite hostname="PREDATOR" failures="0" tests="2" name="seleniumPractice.H_RadioButtons" time="17.900" errors="0" timestamp="2025-03-24T23:06:11 IST" skipped="0">
  <testcase classname="seleniumPractice.H_RadioButtons" name="DefaultValue" time="8.550"/>
  <system-out/>
  <testcase classname="seleniumPractice.H_RadioButtons" name="FavSportColour" time="9.350"/>
  <system-out/>
</testsuite> <!-- seleniumPractice.H_RadioButtons -->
