<?xml version="1.0" encoding="UTF-8"?>
<!-- Generated by org.testng.reporters.JUnitReportReporter -->
<testsuite hostname="PREDATOR" failures="0" tests="3" name="testDataSetupTestNG.DataProviderTestNG" time="0.012" errors="0" timestamp="2025-03-16T20:39:28 IST" skipped="0">
  <testcase classname="testDataSetupTestNG.DataProviderTestNG" name="ReadTestData" time="0.001"/>
  <system-out/>
  <testcase classname="testDataSetupTestNG.DataProviderTestNG" name="ReadTestData" time="0.001"/>
  <system-out/>
  <testcase classname="testDataSetupTestNG.DataProviderTestNG" name="ReadTestData" time="0.010"/>
  <system-out/>
</testsuite> <!-- testDataSetupTestNG.DataProviderTestNG -->
