<?xml version="1.0" encoding="UTF-8"?>
<!-- Generated by org.testng.reporters.JUnitReportReporter -->
<testsuite hostname="PREDATOR" failures="0" tests="2" name="expandTestingSeleniumPractice.X_HorizontalSlider" time="16.022" errors="0" timestamp="2025-08-01T23:16:20 IST" skipped="0">
  <testcase classname="expandTestingSeleniumPractice.X_HorizontalSlider" name="HorizontalStepSlider" time="6.884"/>
  <system-out/>
  <testcase classname="expandTestingSeleniumPractice.X_HorizontalSlider" name="HorizontalSlider" time="9.138"/>
  <system-out/>
</testsuite> <!-- expandTestingSeleniumPractice.X_HorizontalSlider -->
