<?xml version="1.0" encoding="UTF-8"?>
<!-- Generated by org.testng.reporters.JUnitReportReporter -->
<testsuite hostname="PREDATOR" failures="0" tests="1" name="expandTestingSeleniumPractice.W_Geolocation" time="9.047" errors="0" timestamp="2025-03-31T17:47:01 IST" skipped="0">
  <testcase classname="expandTestingSeleniumPractice.W_Geolocation" name="GetLocation" time="9.047"/>
  <system-out/>
</testsuite> <!-- expandTestingSeleniumPractice.W_Geolocation -->
