<?xml version="1.0" encoding="UTF-8"?>
<!-- Generated by org.testng.reporters.JUnitReportReporter -->
<testsuite hostname="PREDATOR" failures="0" tests="1" name="expandTestingSeleniumPractice.D_DynamicTable" time="6.481" errors="0" timestamp="2025-08-01T23:16:20 IST" skipped="0">
  <testcase classname="expandTestingSeleniumPractice.D_DynamicTable" name="DynamicTableHandle" time="6.481"/>
  <system-out/>
</testsuite> <!-- expandTestingSeleniumPractice.D_DynamicTable -->
