<?xml version="1.0" encoding="UTF-8"?>
<!-- Generated by org.testng.reporters.JUnitReportReporter -->
<testsuite hostname="PREDATOR" failures="0" tests="2" name="expandTestingSeleniumPractice.T_JQueryUiMenus" time="41.607" errors="0" timestamp="2025-08-01T23:16:20 IST" skipped="1">
  <testcase classname="expandTestingSeleniumPractice.T_JQueryUiMenus" name="DownloadExcel" time="12.364">
    <skipped/>
  </testcase> <!-- DownloadExcel -->
  <system-out/>
  <testcase classname="expandTestingSeleniumPractice.T_JQueryUiMenus" name="DownloadExcel" time="29.243"/>
  <system-out/>
</testsuite> <!-- expandTestingSeleniumPractice.T_JQueryUiMenus -->
