<?xml version="1.0" encoding="UTF-8"?>
<!-- Generated by org.testng.reporters.JUnitReportReporter -->
<testsuite hostname="PREDATOR" failures="0" tests="3" name="testDataSetupTestNG.TestNGDataProviderJSON" time="0.010" errors="0" timestamp="2025-07-30T23:28:20 IST" skipped="0">
  <testcase classname="testDataSetupTestNG.TestNGDataProviderJSON" name="PrintJSONData" time="0.001"/>
  <system-out/>
  <testcase classname="testDataSetupTestNG.TestNGDataProviderJSON" name="PrintJSONData" time="0.008"/>
  <system-out/>
  <testcase classname="testDataSetupTestNG.TestNGDataProviderJSON" name="PrintJSONData" time="0.001"/>
  <system-out/>
</testsuite> <!-- testDataSetupTestNG.TestNGDataProviderJSON -->
