<?xml version="1.0" encoding="UTF-8"?>
<!-- Generated by org.testng.reporters.JUnitReportReporter -->
<testsuite hostname="PREDATOR" failures="0" tests="2" name="jQuerySeleniumPractice.Interactions_Selectable" time="14.286" errors="0" timestamp="2025-08-01T22:57:45 IST" skipped="0">
  <testcase classname="jQuerySeleniumPractice.Interactions_Selectable" name="SelectOne" time="8.892"/>
  <system-out/>
  <testcase classname="jQuerySeleniumPractice.Interactions_Selectable" name="SelectAll" time="5.394"/>
  <system-out/>
</testsuite> <!-- jQuerySeleniumPractice.Interactions_Selectable -->
