<?xml version="1.0" encoding="UTF-8"?>
<!-- Generated by org.testng.reporters.JUnitReportReporter -->
<testsuite hostname="PREDATOR" failures="0" tests="1" name="expandTestingSeleniumPractice.Z_DataTables" time="6.073" errors="0" timestamp="2025-08-01T22:33:20 IST" skipped="0">
  <testcase classname="expandTestingSeleniumPractice.Z_DataTables" name="TableHandling" time="6.073"/>
  <system-out/>
</testsuite> <!-- expandTestingSeleniumPractice.Z_DataTables -->
