<?xml version="1.0" encoding="UTF-8"?>
<!-- Generated by org.testng.reporters.JUnitReportReporter -->
<testsuite hostname="PREDATOR" failures="0" tests="1" name="expandTestingSeleniumPractice.A_WebInputPractice" time="8.815" errors="0" timestamp="2025-04-05T22:42:44 IST" skipped="0">
  <testcase classname="expandTestingSeleniumPractice.A_WebInputPractice" name="provideData" time="8.815"/>
  <system-out/>
</testsuite> <!-- expandTestingSeleniumPractice.A_WebInputPractice -->
