<?xml version="1.0" encoding="UTF-8"?>
<!-- Generated by org.testng.reporters.JUnitReportReporter -->
<testsuite hostname="PREDATOR" failures="0" tests="3" name="testDataSetupTestNG.TestNGDataProviderMultiDimentionalArray" time="0.018" errors="0" timestamp="2025-04-12T13:40:39 IST" skipped="0">
  <testcase classname="testDataSetupTestNG.TestNGDataProviderMultiDimentionalArray" name="ReadTestData" time="0.002"/>
  <system-out/>
  <testcase classname="testDataSetupTestNG.TestNGDataProviderMultiDimentionalArray" name="ReadTestData" time="0.002"/>
  <system-out/>
  <testcase classname="testDataSetupTestNG.TestNGDataProviderMultiDimentionalArray" name="ReadTestData" time="0.014"/>
  <system-out/>
</testsuite> <!-- testDataSetupTestNG.TestNGDataProviderMultiDimentionalArray -->
