<?xml version="1.0" encoding="UTF-8"?>
<!-- Generated by org.testng.reporters.JUnitReportReporter -->
<testsuite hostname="PREDATOR" failures="0" tests="3" name="testDataSetupTestNG.TestNGDataProviderMultiDimentionalArray" time="0.005" errors="0" timestamp="2025-03-21T00:39:02 IST" skipped="0">
  <testcase classname="testDataSetupTestNG.TestNGDataProviderMultiDimentionalArray" name="ReadTestData" time="0.003"/>
  <system-out/>
  <testcase classname="testDataSetupTestNG.TestNGDataProviderMultiDimentionalArray" name="ReadTestData" time="0.001"/>
  <system-out/>
  <testcase classname="testDataSetupTestNG.TestNGDataProviderMultiDimentionalArray" name="ReadTestData" time="0.001"/>
  <system-out/>
</testsuite> <!-- testDataSetupTestNG.TestNGDataProviderMultiDimentionalArray -->
