<?xml version="1.0" encoding="UTF-8"?>
<!-- Generated by org.testng.reporters.JUnitReportReporter -->
<testsuite hostname="PREDATOR" failures="0" tests="1" name="expandTestingSeleniumPractice.I_DragDrop" time="10.849" errors="0" timestamp="2025-04-05T22:42:44 IST" skipped="0">
  <testcase classname="expandTestingSeleniumPractice.I_DragDrop" name="DragDrop" time="10.849"/>
  <system-out/>
</testsuite> <!-- expandTestingSeleniumPractice.I_DragDrop -->
