<?xml version="1.0" encoding="UTF-8"?>
<!-- Generated by org.testng.reporters.JUnitReportReporter -->
<testsuite hostname="PREDATOR" failures="0" tests="1" name="expandTestingSeleniumPractice.I_DragDrop" time="8.671" errors="0" timestamp="2025-08-01T23:16:20 IST" skipped="0">
  <testcase classname="expandTestingSeleniumPractice.I_DragDrop" name="DragDrop" time="8.671"/>
  <system-out/>
</testsuite> <!-- expandTestingSeleniumPractice.I_DragDrop -->
