<?xml version="1.0" encoding="UTF-8"?>
<!-- Generated by org.testng.reporters.JUnitReportReporter -->
<testsuite hostname="PREDATOR" failures="0" tests="1" name="expandTestingSeleniumPractice.N_SecureFileDownloadAlertHandling" time="4.627" errors="0" timestamp="2025-07-23T11:35:47 IST" skipped="0">
  <testcase classname="expandTestingSeleniumPractice.N_SecureFileDownloadAlertHandling" name="ParameterisedURL" time="4.627"/>
  <system-out/>
</testsuite> <!-- expandTestingSeleniumPractice.N_SecureFileDownloadAlertHandling -->
