<?xml version="1.0" encoding="UTF-8"?>
<!-- Generated by org.testng.reporters.JUnitReportReporter -->
<testsuite hostname="PREDATOR" failures="0" tests="1" name="expandTestingAppsAutomation.SecurePasswordCheck" time="17.400" errors="0" timestamp="2025-07-30T23:10:02 IST" skipped="0">
  <testcase classname="expandTestingAppsAutomation.SecurePasswordCheck" name="CheckAcceptablePassword" time="17.400"/>
  <system-out/>
</testsuite> <!-- expandTestingAppsAutomation.SecurePasswordCheck -->
