<?xml version="1.0" encoding="UTF-8"?>
<!-- Generated by org.testng.reporters.JUnitReportReporter -->
<testsuite hostname="PREDATOR" failures="0" tests="1" name="expandTestingSeleniumPractice.J_DragDrapInContainer" time="9.536" errors="0" timestamp="2025-08-01T23:16:20 IST" skipped="0">
  <testcase classname="expandTestingSeleniumPractice.J_DragDrapInContainer" name="DragDrop" time="9.536"/>
  <system-out/>
</testsuite> <!-- expandTestingSeleniumPractice.J_DragDrapInContainer -->
