<?xml version="1.0" encoding="UTF-8"?>
<!-- Generated by org.testng.reporters.JUnitReportReporter -->
<testsuite hostname="PREDATOR" failures="0" tests="1" name="expandTestingSeleniumPractice.Q_Typos" time="9.044" errors="0" timestamp="2025-04-05T22:42:44 IST" skipped="0">
  <testcase classname="expandTestingSeleniumPractice.Q_Typos" name="FindTypo" time="9.044"/>
  <system-out/>
</testsuite> <!-- expandTestingSeleniumPractice.Q_Typos -->
