<?xml version="1.0" encoding="UTF-8"?>
<!-- Generated by org.testng.reporters.JUnitReportReporter -->
<testsuite hostname="PREDATOR" failures="0" tests="1" name="expandTestingSeleniumPractice.U_ContextMenus" time="11.247" errors="0" timestamp="2025-08-01T23:16:20 IST" skipped="0">
  <testcase classname="expandTestingSeleniumPractice.U_ContextMenus" name="ContextClick" time="11.247"/>
  <system-out/>
</testsuite> <!-- expandTestingSeleniumPractice.U_ContextMenus -->
