<?xml version="1.0" encoding="UTF-8"?>
<!-- Generated by org.testng.reporters.JUnitReportReporter -->
<testsuite hostname="PREDATOR" failures="0" tests="1" name="expandTestingAppsAutomation.BMICalculator" time="7.150" errors="0" timestamp="2025-07-30T21:48:04 IST" skipped="0">
  <testcase classname="expandTestingAppsAutomation.BMICalculator" name="BMI" time="7.150"/>
  <system-out/>
</testsuite> <!-- expandTestingAppsAutomation.BMICalculator -->
