<?xml version="1.0" encoding="UTF-8"?>
<!-- Generated by org.testng.reporters.JUnitReportReporter -->
<testsuite hostname="PREDATOR" failures="0" tests="2" name="expandTestingSeleniumPractice.H_RadioButtons" time="19.958" errors="0" timestamp="2025-04-05T22:42:44 IST" skipped="0">
  <testcase classname="expandTestingSeleniumPractice.H_RadioButtons" name="DefaultValue" time="10.931"/>
  <system-out/>
  <testcase classname="expandTestingSeleniumPractice.H_RadioButtons" name="FavSportColour" time="9.027"/>
  <system-out/>
</testsuite> <!-- expandTestingSeleniumPractice.H_RadioButtons -->
