<?xml version="1.0" encoding="UTF-8"?>
<!-- Generated by org.testng.reporters.JUnitReportReporter -->
<testsuite hostname="PREDATOR" failures="0" tests="1" name="expandTestingSeleniumPractice.ZA_Tooltips" time="10.164" errors="0" timestamp="2025-08-01T23:16:20 IST" skipped="0">
  <testcase classname="expandTestingSeleniumPractice.ZA_Tooltips" name="GetTooltips" time="10.164"/>
  <system-out/>
</testsuite> <!-- expandTestingSeleniumPractice.ZA_Tooltips -->
