<?xml version="1.0" encoding="UTF-8"?>
<!-- Generated by org.testng.reporters.JUnitReportReporter -->
<testsuite hostname="PREDATOR" failures="0" tests="3" name="expandTestingSeleniumPractice.S_JavaScriptDialogs" time="29.114" errors="0" timestamp="2025-04-05T22:42:44 IST" skipped="0">
  <testcase classname="expandTestingSeleniumPractice.S_JavaScriptDialogs" name="JsAlert" time="9.707"/>
  <system-out/>
  <testcase classname="expandTestingSeleniumPractice.S_JavaScriptDialogs" name="JsConfirm" time="9.770"/>
  <system-out/>
  <testcase classname="expandTestingSeleniumPractice.S_JavaScriptDialogs" name="JsPrompt" time="9.637"/>
  <system-out/>
</testsuite> <!-- expandTestingSeleniumPractice.S_JavaScriptDialogs -->
