<?xml version="1.0" encoding="UTF-8"?>
<!-- Generated by org.testng.reporters.JUnitReportReporter -->
<testsuite hostname="PREDATOR" failures="0" tests="1" name="jQuerySeleniumPractice.Interactions_Draggable" time="5.916" errors="0" timestamp="2025-08-01T22:57:45 IST" skipped="0">
  <testcase classname="jQuerySeleniumPractice.Interactions_Draggable" name="DragAround" time="5.916"/>
  <system-out/>
</testsuite> <!-- jQuerySeleniumPractice.Interactions_Draggable -->
