<?xml version="1.0" encoding="UTF-8"?>
<!-- Generated by org.testng.reporters.JUnitReportReporter -->
<testsuite hostname="PREDATOR" failures="0" tests="1" name="seleniumPractice.F_AboutPage" time="10.436" errors="0" timestamp="2025-03-24T23:06:11 IST" skipped="0">
  <testcase classname="seleniumPractice.F_AboutPage" name="SendEmailToDev" time="10.436"/>
  <system-out/>
</testsuite> <!-- seleniumPractice.F_AboutPage -->
