<?xml version="1.0" encoding="UTF-8"?>
<!-- Generated by org.testng.reporters.JUnitReportReporter -->
<testsuite hostname="PREDATOR" failures="0" tests="2" name="testDataSetupTestNG.TestNGDataProviderHashMap" time="0.010" errors="0" timestamp="2025-07-30T23:26:19 IST" skipped="0">
  <testcase classname="testDataSetupTestNG.TestNGDataProviderHashMap" name="ReadTestData" time="0.009"/>
  <system-out/>
  <testcase classname="testDataSetupTestNG.TestNGDataProviderHashMap" name="ReadTestData" time="0.001"/>
  <system-out/>
</testsuite> <!-- testDataSetupTestNG.TestNGDataProviderHashMap -->
