<?xml version="1.0" encoding="UTF-8"?>
<!-- Generated by org.testng.reporters.JUnitReportReporter -->
<testsuite hostname="PREDATOR" failures="0" tests="1" name="expandTestingSeleniumPractice.C_RegistrationPractice" time="10.738" errors="0" timestamp="2025-04-05T22:42:44 IST" skipped="0">
  <testcase classname="expandTestingSeleniumPractice.C_RegistrationPractice" name="UserRegistration" time="10.738"/>
  <system-out/>
</testsuite> <!-- expandTestingSeleniumPractice.C_RegistrationPractice -->
