<?xml version="1.0" encoding="UTF-8"?>
<!-- Generated by org.testng.reporters.JUnitReportReporter -->
<testsuite hostname="PREDATOR" failures="0" tests="1" name="seleniumPractice.G_BrowserInformation" time="10.651" errors="0" timestamp="2025-03-24T23:06:11 IST" skipped="0">
  <testcase classname="seleniumPractice.G_BrowserInformation" name="GetBrowserDetails" time="10.651"/>
  <system-out/>
</testsuite> <!-- seleniumPractice.G_BrowserInformation -->
