<?xml version="1.0" encoding="UTF-8"?>
<!-- Generated by org.testng.reporters.JUnitReportReporter -->
<testsuite hostname="PREDATOR" failures="0" tests="1" name="expandTestingSeleniumPractice.F_AboutPage" time="7.975" errors="0" timestamp="2025-08-01T23:16:20 IST" skipped="0">
  <testcase classname="expandTestingSeleniumPractice.F_AboutPage" name="SendEmailToDev" time="7.975"/>
  <system-out/>
</testsuite> <!-- expandTestingSeleniumPractice.F_AboutPage -->
