<?xml version="1.0" encoding="UTF-8"?>
<!-- Generated by org.testng.reporters.JUnitReportReporter -->
<testsuite hostname="PREDATOR" failures="0" tests="1" name="expandTestingAppsAutomation.WebParking" time="3.628" errors="0" timestamp="2025-07-30T21:13:17 IST" skipped="0">
  <testcase classname="expandTestingAppsAutomation.WebParking" name="Loading" time="3.628"/>
  <system-out/>
</testsuite> <!-- expandTestingAppsAutomation.WebParking -->
