<?xml version="1.0" encoding="UTF-8"?>
<!-- Generated by org.testng.reporters.JUnitReportReporter -->
<testsuite hostname="PREDATOR" failures="0" tests="2" name="functionalLogic.AddToCartFunctionalLogic" time="25.627" errors="0" timestamp="2025-03-21T00:39:02 IST" skipped="0">
  <testcase classname="functionalLogic.AddToCartFunctionalLogic" name="AddItemToCartBasicLogic" time="7.227"/>
  <system-out/>
  <testcase classname="functionalLogic.AddToCartFunctionalLogic" name="AddItemToCartAdvanceLogic" time="18.400"/>
  <system-out/>
</testsuite> <!-- functionalLogic.AddToCartFunctionalLogic -->
