<?xml version="1.0" encoding="UTF-8"?>
<!-- Generated by org.testng.reporters.JUnitReportReporter -->
<testsuite hostname="PREDATOR" failures="0" tests="1" name="seleniumPractice.J_DragDrapInContainer" time="10.982" errors="0" timestamp="2025-03-24T23:06:11 IST" skipped="0">
  <testcase classname="seleniumPractice.J_DragDrapInContainer" name="DragDrop" time="10.982"/>
  <system-out/>
</testsuite> <!-- seleniumPractice.J_DragDrapInContainer -->
