<?xml version="1.0" encoding="UTF-8"?>
<!-- Generated by org.testng.reporters.JUnitReportReporter -->
<testsuite hostname="PREDATOR" failures="0" tests="1" name="expandTestingSeleniumPractice.V_KeyPresses" time="9.525" errors="0" timestamp="2025-04-05T22:42:44 IST" skipped="0">
  <testcase classname="expandTestingSeleniumPractice.V_KeyPresses" name="KeyPress" time="9.525"/>
  <system-out/>
</testsuite> <!-- expandTestingSeleniumPractice.V_KeyPresses -->
