<?xml version="1.0" encoding="UTF-8"?>
<!-- Generated by org.testng.reporters.JUnitReportReporter -->
<testsuite hostname="PREDATOR" failures="0" tests="3" name="expandTestingSeleniumPractice.C_RegistrationPractice" time="29.749" errors="0" timestamp="2025-08-01T23:16:20 IST" skipped="1">
  <testcase classname="expandTestingSeleniumPractice.C_RegistrationPractice" name="UserRegistration" time="11.277"/>
  <system-out/>
  <testcase classname="expandTestingSeleniumPractice.C_RegistrationPractice" name="UserRegistration" time="10.072"/>
  <system-out/>
  <testcase classname="expandTestingSeleniumPractice.C_RegistrationPractice" name="UserRegistration" time="8.400">
    <skipped/>
  </testcase> <!-- UserRegistration -->
  <system-out/>
</testsuite> <!-- expandTestingSeleniumPractice.C_RegistrationPractice -->
