<?xml version="1.0" encoding="UTF-8"?>
<!-- Generated by org.testng.reporters.JUnitReportReporter -->
<testsuite hostname="PREDATOR" failures="0" tests="1" name="expandTestingSeleniumPractice.T_JQueryUiMenus" time="17.770" errors="0" timestamp="2025-03-29T17:05:42 IST" skipped="0">
  <testcase classname="expandTestingSeleniumPractice.T_JQueryUiMenus" name="DownloadExcel" time="17.770"/>
  <system-out/>
</testsuite> <!-- expandTestingSeleniumPractice.T_JQueryUiMenus -->
