<?xml version="1.0" encoding="UTF-8"?>
<!-- Generated by org.testng.reporters.JUnitReportReporter -->
<testsuite hostname="PREDATOR" failures="0" tests="1" name="expandTestingSeleniumPractice.ZA_Tooltips" time="9.230" errors="0" timestamp="2025-04-01T23:54:45 IST" skipped="0">
  <testcase classname="expandTestingSeleniumPractice.ZA_Tooltips" name="GetTooltips" time="9.230"/>
  <system-out/>
</testsuite> <!-- expandTestingSeleniumPractice.ZA_Tooltips -->
