<?xml version="1.0" encoding="UTF-8"?>
<!-- Generated by org.testng.reporters.JUnitReportReporter -->
<testsuite hostname="PREDATOR" failures="0" tests="1" name="seleniumPractice.WebInputPractice" time="7.044" errors="0" timestamp="2025-03-13T23:26:47 IST" skipped="0">
  <testcase classname="seleniumPractice.WebInputPractice" name="provideData" time="7.044"/>
  <system-out/>
</testsuite> <!-- seleniumPractice.WebInputPractice -->
