<?xml version="1.0" encoding="UTF-8"?>
<!-- Generated by org.testng.reporters.JUnitReportReporter -->
<testsuite hostname="PREDATOR" failures="0" tests="1" name="expandTestingSeleniumPractice.R_SlowResourcesPage" time="17.389" errors="0" timestamp="2025-04-05T22:42:44 IST" skipped="0">
  <testcase classname="expandTestingSeleniumPractice.R_SlowResourcesPage" name="snipperTimer" time="17.389"/>
  <system-out/>
</testsuite> <!-- expandTestingSeleniumPractice.R_SlowResourcesPage -->
