<?xml version="1.0" encoding="UTF-8"?>
<!-- Generated by org.testng.reporters.JUnitReportReporter -->
<testsuite hostname="PREDATOR" failures="0" tests="1" name="functionalLogic.AddToCartFunctionalLogic" time="18.418" errors="0" timestamp="2025-04-05T22:36:32 IST" skipped="0">
  <testcase classname="functionalLogic.AddToCartFunctionalLogic" name="AddItemToCartAdvanceLogic" time="18.418"/>
  <system-out/>
</testsuite> <!-- functionalLogic.AddToCartFunctionalLogic -->
