<?xml version="1.0" encoding="UTF-8"?>
<!-- Generated by org.testng.reporters.JUnitReportReporter -->
<testsuite hostname="PREDATOR" failures="0" tests="1" name="expandTestingSeleniumPractice.Y_MouseHover" time="11.144" errors="0" timestamp="2025-04-05T22:42:44 IST" skipped="0">
  <testcase classname="expandTestingSeleniumPractice.Y_MouseHover" name="MouseAction" time="11.144"/>
  <system-out/>
</testsuite> <!-- expandTestingSeleniumPractice.Y_MouseHover -->
