<?xml version="1.0" encoding="UTF-8"?>
<!-- Generated by org.testng.reporters.JUnitReportReporter -->
<testsuite hostname="PREDATOR" failures="0" tests="1" name="expandTestingSeleniumPractice.ZA_Tooltips" time="8.376" errors="0" timestamp="2025-04-05T22:42:44 IST" skipped="0">
  <testcase classname="expandTestingSeleniumPractice.ZA_Tooltips" name="GetTooltips" time="8.376"/>
  <system-out/>
</testsuite> <!-- expandTestingSeleniumPractice.ZA_Tooltips -->
