<?xml version="1.0" encoding="UTF-8"?>
<!-- Generated by org.testng.reporters.JUnitReportReporter -->
<testsuite hostname="PREDATOR" failures="0" tests="1" name="seleniumPractice.C_RegistrationPractice" time="13.079" errors="0" timestamp="2025-03-24T23:06:11 IST" skipped="0">
  <testcase classname="seleniumPractice.C_RegistrationPractice" name="UserRegistration" time="13.079"/>
  <system-out/>
</testsuite> <!-- seleniumPractice.C_RegistrationPractice -->
