<?xml version="1.0" encoding="UTF-8"?>
<!-- Generated by org.testng.reporters.JUnitReportReporter -->
<testsuite hostname="PREDATOR" failures="0" tests="1" name="jQuerySeleniumPractice.Interactions_Selectable" time="7.009" errors="0" timestamp="2025-04-05T20:58:33 IST" skipped="0">
  <testcase classname="jQuerySeleniumPractice.Interactions_Selectable" name="SelectAll" time="7.009"/>
  <system-out/>
</testsuite> <!-- jQuerySeleniumPractice.Interactions_Selectable -->
