<?xml version="1.0" encoding="UTF-8"?>
<!-- Generated by org.testng.reporters.JUnitReportReporter -->
<testsuite hostname="PREDATOR" failures="0" tests="1" name="seleniumPractice.K_FormValidation" time="12.331" errors="0" timestamp="2025-03-24T23:06:11 IST" skipped="0">
  <testcase classname="seleniumPractice.K_FormValidation" name="FormFill" time="12.331"/>
  <system-out/>
</testsuite> <!-- seleniumPractice.K_FormValidation -->
