<?xml version="1.0" encoding="UTF-8"?>
<!-- Generated by org.testng.reporters.JUnitReportReporter -->
<testsuite hostname="PREDATOR" failures="0" tests="3" name="testDataSetupTestNG.DataProviderMultiDimentionalArrayTestNG" time="0.010" errors="0" timestamp="2025-03-16T20:50:54 IST" skipped="0">
  <testcase classname="testDataSetupTestNG.DataProviderMultiDimentionalArrayTestNG" name="ReadTestData" time="0.001"/>
  <system-out/>
  <testcase classname="testDataSetupTestNG.DataProviderMultiDimentionalArrayTestNG" name="ReadTestData" time="0.001"/>
  <system-out/>
  <testcase classname="testDataSetupTestNG.DataProviderMultiDimentionalArrayTestNG" name="ReadTestData" time="0.008"/>
  <system-out/>
</testsuite> <!-- testDataSetupTestNG.DataProviderMultiDimentionalArrayTestNG -->
