<?xml version="1.0" encoding="UTF-8"?>
<!-- Generated by org.testng.reporters.JUnitReportReporter -->
<testsuite hostname="PREDATOR" failures="0" tests="1" name="jQuerySeleniumPractice.Interactions_Droppable" time="5.179" errors="0" timestamp="2025-08-01T22:57:45 IST" skipped="0">
  <testcase classname="jQuerySeleniumPractice.Interactions_Droppable" name="Droppable" time="5.179"/>
  <system-out/>
</testsuite> <!-- jQuerySeleniumPractice.Interactions_Droppable -->
