<?xml version="1.0" encoding="UTF-8"?>
<!-- Generated by org.testng.reporters.JUnitReportReporter -->
<testsuite hostname="PREDATOR" failures="0" tests="1" name="expandTestingSeleniumPractice.P_Autocomplete" time="6.449" errors="0" timestamp="2025-08-01T23:16:20 IST" skipped="0">
  <testcase classname="expandTestingSeleniumPractice.P_Autocomplete" name="AutoComplete" time="6.449"/>
  <system-out/>
</testsuite> <!-- expandTestingSeleniumPractice.P_Autocomplete -->
