<?xml version="1.0" encoding="UTF-8"?>
<!-- Generated by org.testng.reporters.JUnitReportReporter -->
<testsuite hostname="PREDATOR" failures="0" tests="1" name="expandTestingSeleniumPractice.G_BrowserInformation" time="9.105" errors="0" timestamp="2025-04-05T22:42:44 IST" skipped="0">
  <testcase classname="expandTestingSeleniumPractice.G_BrowserInformation" name="GetBrowserDetails" time="9.105"/>
  <system-out/>
</testsuite> <!-- expandTestingSeleniumPractice.G_BrowserInformation -->
