<?xml version="1.0" encoding="UTF-8"?>
<!-- Generated by org.testng.reporters.JUnitReportReporter -->
<testsuite hostname="PREDATOR" failures="0" tests="1" name="expandTestingSeleniumPractice.V_KeyPresses" time="7.900" errors="0" timestamp="2025-08-01T23:16:20 IST" skipped="0">
  <testcase classname="expandTestingSeleniumPractice.V_KeyPresses" name="KeyPress" time="7.900"/>
  <system-out/>
</testsuite> <!-- expandTestingSeleniumPractice.V_KeyPresses -->
