<?xml version="1.0" encoding="UTF-8"?>
<!-- Generated by org.testng.reporters.JUnitReportReporter -->
<testsuite hostname="PREDATOR" failures="0" tests="1" name="jQuerySeleniumPractice.Interactions_Sortable" time="7.071" errors="0" timestamp="2025-04-05T21:13:52 IST" skipped="0">
  <testcase classname="jQuerySeleniumPractice.Interactions_Sortable" name="Sort" time="7.071"/>
  <system-out/>
</testsuite> <!-- jQuerySeleniumPractice.Interactions_Sortable -->
