<?xml version="1.0" encoding="UTF-8"?>
<!-- Generated by org.testng.reporters.JUnitReportReporter -->
<testsuite hostname="PREDATOR" failures="0" tests="2" name="expandTestingSeleniumPractice.M_FileDownload" time="30.696" errors="0" timestamp="2025-04-05T22:42:44 IST" skipped="0">
  <testcase classname="expandTestingSeleniumPractice.M_FileDownload" name="DownloadFileAtCustomLocation" time="25.395"/>
  <system-out/>
  <testcase classname="expandTestingSeleniumPractice.M_FileDownload" name="DownloadFileAtDefaultLocation" time="5.301"/>
  <system-out/>
</testsuite> <!-- expandTestingSeleniumPractice.M_FileDownload -->
