<?xml version="1.0" encoding="UTF-8"?>
<!-- Generated by org.testng.reporters.JUnitReportReporter -->
<testsuite hostname="PREDATOR" failures="0" tests="1" name="advanceSelenium.AddExtensiton" time="7.987" errors="0" timestamp="2025-07-12T10:32:53 IST" skipped="0">
  <testcase classname="advanceSelenium.AddExtensiton" name="AddExtensionInAutomatedBrowser" time="7.987"/>
  <system-out/>
</testsuite> <!-- advanceSelenium.AddExtensiton -->
