<?xml version="1.0" encoding="UTF-8"?>
<!-- Generated by org.testng.reporters.JUnitReportReporter -->
<testsuite hostname="PREDATOR" failures="0" tests="1" name="expandTestingSeleniumPractice.Y_MouseHover" time="8.366" errors="0" timestamp="2025-08-01T23:16:20 IST" skipped="0">
  <testcase classname="expandTestingSeleniumPractice.Y_MouseHover" name="MouseAction" time="8.366"/>
  <system-out/>
</testsuite> <!-- expandTestingSeleniumPractice.Y_MouseHover -->
