<?xml version="1.0" encoding="UTF-8"?>
<!-- Generated by org.testng.reporters.JUnitReportReporter -->
<testsuite hostname="PREDATOR" failures="0" tests="1" name="expandTestingSeleniumPractice.P_Autocomplete" time="10.090" errors="0" timestamp="2025-04-05T22:42:44 IST" skipped="0">
  <testcase classname="expandTestingSeleniumPractice.P_Autocomplete" name="AutoComplete" time="10.090"/>
  <system-out/>
</testsuite> <!-- expandTestingSeleniumPractice.P_Autocomplete -->
