<?xml version="1.0" encoding="UTF-8"?>
<!-- Generated by org.testng.reporters.JUnitReportReporter -->
<testsuite hostname="PREDATOR" failures="0" tests="1" name="expandTestingSeleniumPractice.W_Geolocation" time="7.338" errors="0" timestamp="2025-08-01T23:16:20 IST" skipped="0">
  <testcase classname="expandTestingSeleniumPractice.W_Geolocation" name="GetLocation" time="7.338"/>
  <system-out/>
</testsuite> <!-- expandTestingSeleniumPractice.W_Geolocation -->
