<?xml version="1.0" encoding="UTF-8"?>
<!-- Generated by org.testng.reporters.JUnitReportReporter -->
<testsuite hostname="PREDATOR" failures="0" tests="1" name="expandTestingSeleniumPractice.Q_Typos" time="6.088" errors="0" timestamp="2025-08-01T23:16:20 IST" skipped="0">
  <testcase classname="expandTestingSeleniumPractice.Q_Typos" name="FindTypo" time="6.088"/>
  <system-out/>
</testsuite> <!-- expandTestingSeleniumPractice.Q_Typos -->
